<?xml version="1.0" encoding="UTF-8"?>
<!-- Generated by org.testng.reporters.JUnitReportReporter -->
<testsuite hostname="DESKTOP-GD0GHNL" failures="0" tests="10" name="runner.WebApp" time="191.931" errors="0" timestamp="2022-01-18T12:14:34 IST" skipped="0">
  <testcase classname="runner.WebApp" name="HomePage" time="7.115"/>
  <system-out/>
  <testcase classname="runner.WebApp" name="SignUp" time="10.182"/>
  <system-out/>
  <testcase classname="runner.WebApp" name="HomepageLogin" time="10.355"/>
  <system-out/>
  <testcase classname="runner.WebApp" name="AboutPage" time="8.797"/>
  <system-out/>
  <testcase classname="runner.WebApp" name="ContactPage" time="11.316"/>
  <system-out/>
  <testcase classname="runner.WebApp" name="OnewayPage" time="17.896"/>
  <system-out/>
  <testcase classname="runner.WebApp" name="LocalPage" time="32.383"/>
  <system-out/>
  <testcase classname="runner.WebApp" name="OutstationPage" time="36.971"/>
  <system-out/>
  <testcase classname="runner.WebApp" name="AirportPage" time="40.292"/>
  <system-out/>
  <testcase classname="runner.WebApp" name="CorporatePage" time="16.624"/>
  <system-out/>
</testsuite> <!-- runner.WebApp -->
